7313 DEBUG [2013-08-12 12:46:39]  Request:
7313 DEBUG [2013-08-12 12:46:39]  GET:https://api.weibo.com/2/friendships/friends_chain/followers.json
7313 DEBUG [2013-08-12 12:46:39]  Authorization: OAuth2 2.00b7DOGCaCOf1C655aed4142LZ3h1D
7313 DEBUG [2013-08-12 12:46:39]  API-RemoteIP: 10.104.14.182
7813 DEBUG [2013-08-12 12:46:40]  Response:
7813 DEBUG [2013-08-12 12:46:40]  https StatusCode:200
7813 DEBUG [2013-08-12 12:46:40]  Server:nginx/1.2.0
7813 DEBUG [2013-08-12 12:46:40]  Date:Mon, 12 Aug 2013 04:46:03 GMT
7813 DEBUG [2013-08-12 12:46:40]  Content-Type:application/json;charset=UTF-8
7813 DEBUG [2013-08-12 12:46:40]  Content-Length:4418
7813 DEBUG [2013-08-12 12:46:40]  Connection:keep-alive
7813 DEBUG [2013-08-12 12:46:40]  Api-Server-IP:10.77.108.40
7813 DEBUG [2013-08-12 12:46:40]  Vary:Accept-Encoding
7813 DEBUG [2013-08-12 12:46:40]  X-Varnish:1426794234
7813 DEBUG [2013-08-12 12:46:40]  Age:0
7813 DEBUG [2013-08-12 12:46:40]  Via:1.1 varnish
7813 DEBUG [2013-08-12 12:46:40]  SINA-LB:cWgxMzIuaGEucWgyLmJqLmxvYWRiYWxhbmNlLnNpbg==
7813 DEBUG [2013-08-12 12:46:40]  {"users":[{"id":1895586493,"idstr":"1895586493","class":1,"screen_name":"可以改的哈","name":"可以改的哈","province":"11","city":"1000","location":"北京","description":"","url":"","profile_image_url":"http://tp2.sinaimg.cn/1895586493/50/5622884359/1","profile_url":"u/1895586493","domain":"","weihao":"","gender":"m","followers_count":175,"friends_count":172,"statuses_count":837,"favourites_count":12,"created_at":"Fri Dec 17 14:31:31 +0800 2010","following":false,"allow_all_act_msg":false,"geo_enabled":true,"verified":false,"verified_type":-1,"remark":"","status":{"created_at":"Sat Aug 03 08:18:22 +0800 2013","id":3607125098170840,"mid":"3607125098170840","idstr":"3607125098170840","text":"这个果然高端大气上档次哈@芋头-伶  //@豆花-晓晓: @可以改的哈","source":"<a href=\"http://app.weibo.com/t/feed/4ACxed\" rel=\"nofollow\">iPad客户端</a>","favorited":false,"truncated":false,"in_reply_to_status_id":"","in_reply_to_user_id":"","in_reply_to_screen_name":"","pic_urls":[],"geo":null,"reposts_count":0,"comments_count":0,"attitudes_count":0,"mlevel":0,"visible":{"type":0,"list_id":0}},"ptype":0,"allow_all_comment":true,"avatar_large":"http://tp2.sinaimg.cn/1895586493/180/5622884359/1","avatar_hd":"http://tp2.sinaimg.cn/1895586493/180/5622884359/1","verified_reason":"","follow_me":false,"online_status":0,"bi_followers_count":94,"lang":"zh-cn","star":0,"mbtype":0,"mbrank":0,"block_word":0},{"id":1821457463,"idstr":"1821457463","class":1,"screen_name":"沉吾","name":"沉吾","province":"11","city":"8","location":"北京 海淀区","description":"","url":"","profile_image_url":"http://tp4.sinaimg.cn/1821457463/50/5616048657/1","profile_url":"sam5435","domain":"sam5435","weihao":"","gender":"m","followers_count":266,"friends_count":239,"statuses_count":877,"favourites_count":9,"created_at":"Sat Jan 01 19:37:55 +0800 2011","following":false,"allow_all_act_msg":false,"geo_enabled":true,"verified":false,"verified_type":-1,"remark":"","status":{"created_at":"Mon Aug 12 11:30:15 +0800 2013","id":3610434873570868,"mid":"3610434873570868","idstr":"3610434873570868","text":"帮转啊。，。。大家不要错过//@球形闪电小蜜蜂: 正缺炉头[嘻嘻] @徐文智allblue @潇潇_yoyo @麦片菌","source":"<a href=\"http://weibo.com/\" rel=\"nofollow\">新浪微博</a>","favorited":false,"truncated":false,"in_reply_to_status_id":"","in_reply_to_user_id":"","in_reply_to_screen_name":"","pic_urls":[],"geo":null,"reposts_count":0,"comments_count":0,"attitudes_count":0,"mlevel":0,"visible":{"type":0,"list_id":0}},"ptype":0,"allow_all_comment":true,"avatar_large":"http://tp4.sinaimg.cn/1821457463/180/5616048657/1","avatar_hd":"http://tp4.sinaimg.cn/1821457463/180/5616048657/1","verified_reason":"","follow_me":false,"online_status":0,"bi_followers_count":137,"lang":"zh-cn","star":0,"mbtype":0,"mbrank":0,"block_word":0},{"id":1770615313,"idstr":"1770615313","class":1,"screen_name":"掉色牛仔裤","name":"掉色牛仔裤","province":"11","city":"8","location":"北京 海淀区","description":"Dreams are not enough.","url":"","profile_image_url":"http://tp2.sinaimg.cn/1770615313/50/5662956088/1","profile_url":"wutilong","domain":"wutilong","weihao":"","gender":"m","followers_count":448,"friends_count":563,"statuses_count":1279,"favourites_count":100,"created_at":"Thu Jul 08 12:17:53 +0800 2010","following":false,"allow_all_act_msg":false,"geo_enabled":false,"verified":false,"verified_type":220,"remark":"","status":{"created_at":"Mon Aug 05 23:44:38 +0800 2013","id":3608082972116473,"mid":"3608082972116473","idstr":"3608082972116473","text":"我去猎命师，每更新一部前面的已经早忘光了，太慢了，得有很多年了 //@拾骨君:是终于可以下手买全套的节奏么","source":"<a href=\"http://weibo.com/\" rel=\"nofollow\">新浪微博</a>","favorited":false,"truncated":false,"in_reply_to_status_id":"","in_reply_to_user_id":"","in_reply_to_screen_name":"","pic_urls":[],"geo":null,"reposts_count":0,"comments_count":0,"attitudes_count":0,"mlevel":0,"visible":{"type":0,"list_id":0}},"ptype":0,"allow_all_comment":true,"avatar_large":"http://tp2.sinaimg.cn/1770615313/180/5662956088/1","avatar_hd":"http://tp2.sinaimg.cn/1770615313/180/5662956088/1","verified_reason":"","follow_me":false,"online_status":0,"bi_followers_count":175,"lang":"zh-cn","star":0,"mbtype":0,"mbrank":0,"block_word":0}],"total_number":3}

7813 DEBUG [2013-08-12 12:46:40]  Request:
7813 DEBUG [2013-08-12 12:46:40]  GET:https://api.weibo.com/2/friendships/friends_chain/followers.json
7813 DEBUG [2013-08-12 12:46:40]  Authorization: OAuth2 2.00b7DOGCaCOf1C655aed4142LZ3h1D
7813 DEBUG [2013-08-12 12:46:40]  API-RemoteIP: 10.104.14.182
8297 DEBUG [2013-08-12 12:46:40]  Response:
8297 DEBUG [2013-08-12 12:46:40]  https StatusCode:200
8297 DEBUG [2013-08-12 12:46:40]  Server:nginx/1.2.0
8297 DEBUG [2013-08-12 12:46:40]  Date:Mon, 12 Aug 2013 04:46:03 GMT
8297 DEBUG [2013-08-12 12:46:40]  Content-Type:application/json;charset=UTF-8
8297 DEBUG [2013-08-12 12:46:40]  Content-Length:29
8297 DEBUG [2013-08-12 12:46:40]  Connection:keep-alive
8297 DEBUG [2013-08-12 12:46:40]  Api-Server-IP:10.77.108.39
8297 DEBUG [2013-08-12 12:46:40]  Vary:Accept-Encoding
8297 DEBUG [2013-08-12 12:46:40]  X-Varnish:2116749918
8297 DEBUG [2013-08-12 12:46:40]  Age:0
8297 DEBUG [2013-08-12 12:46:40]  Via:1.1 varnish
8297 DEBUG [2013-08-12 12:46:40]  SINA-LB:cWgxMzIuaGEucWgyLmJqLmxvYWRiYWxhbmNlLnNpbg==
8297 DEBUG [2013-08-12 12:46:40]  {"users":[],"total_number":0}

8297 DEBUG [2013-08-12 12:46:40]  Request:
8297 DEBUG [2013-08-12 12:46:40]  GET:https://api.weibo.com/2/friendships/friends_chain/followers.json
8313 DEBUG [2013-08-12 12:46:40]  Authorization: OAuth2 2.00b7DOGCaCOf1C655aed4142LZ3h1D
8313 DEBUG [2013-08-12 12:46:40]  API-RemoteIP: 10.104.14.182
8891 DEBUG [2013-08-12 12:46:41]  Response:
8891 DEBUG [2013-08-12 12:46:41]  https StatusCode:200
8891 DEBUG [2013-08-12 12:46:41]  Server:nginx/1.2.0
8891 DEBUG [2013-08-12 12:46:41]  Date:Mon, 12 Aug 2013 04:46:04 GMT
8891 DEBUG [2013-08-12 12:46:41]  Content-Type:application/json;charset=UTF-8
8891 DEBUG [2013-08-12 12:46:41]  Content-Length:16786
8891 DEBUG [2013-08-12 12:46:41]  Connection:keep-alive
8891 DEBUG [2013-08-12 12:46:41]  Api-Server-IP:10.77.108.36
8891 DEBUG [2013-08-12 12:46:41]  Vary:Accept-Encoding
8891 DEBUG [2013-08-12 12:46:41]  X-Varnish:2106955619
8891 DEBUG [2013-08-12 12:46:41]  Age:0
8891 DEBUG [2013-08-12 12:46:41]  Via:1.1 varnish
8891 DEBUG [2013-08-12 12:46:41]  SINA-LB:cWgxMzIuaGEucWgyLmJqLmxvYWRiYWxhbmNlLnNpbg==
8891 DEBUG [2013-08-12 12:46:41]  {"users":[{"id":2484059330,"idstr":"2484059330","class":1,"screen_name":"阿牧904","name":"阿牧904","province":"11","city":"8","location":"北京 海淀区","description":"Make The Change","url":"http://blog.sina.com.cn/u/2484059330","profile_image_url":"http://tp3.sinaimg.cn/2484059330/50/5670412226/1","profile_url":"u/2484059330","domain":"","weihao":"","gender":"m","followers_count":92,"friends_count":177,"statuses_count":317,"favourites_count":16,"created_at":"Sat Oct 22 00:20:49 +0800 2011","following":false,"allow_all_act_msg":false,"geo_enabled":true,"verified":false,"verified_type":-1,"remark":"","status":{"created_at":"Fri Aug 02 23:12:07 +0800 2013","id":3606987634350562,"mid":"3606987634350562","idstr":"3606987634350562","text":"《周杰伦摩天轮 天津站《手语》》 ----这个应该是整场演唱会视觉效果最赞的一个---- （分享自 @土豆音乐） http://t.cn/zQaHvMf ","source":"<a href=\"http://app.weibo.com/t/feed/3icNS9\" rel=\"nofollow\">土豆网推视频</a>","favorited":false,"truncated":false,"in_reply_to_status_id":"","in_reply_to_user_id":"","in_reply_to_screen_name":"","pic_urls":[{"thumbnail_pic":"http://ww3.sinaimg.cn/thumbnail/940fbcc2jw1e78px2u8ayj20cg070746.jpg"}],"thumbnail_pic":"http://ww3.sinaimg.cn/thumbnail/940fbcc2jw1e78px2u8ayj20cg070746.jpg","bmiddle_pic":"http://ww3.sinaimg.cn/bmiddle/940fbcc2jw1e78px2u8ayj20cg070746.jpg","original_pic":"http://ww3.sinaimg.cn/large/940fbcc2jw1e78px2u8ayj20cg070746.jpg","geo":null,"reposts_count":0,"comments_count":0,"attitudes_count":0,"mlevel":0,"visible":{"type":0,"list_id":0}},"ptype":0,"allow_all_comment":false,"avatar_large":"http://tp3.sinaimg.cn/2484059330/180/5670412226/1","avatar_hd":"http://ww2.sinaimg.cn/crop.89.0.422.422.1024/940fbcc2jw1e78kfeh1l3j20go0bq75d.jpg","verified_reason":"","follow_me":false,"online_status":0,"bi_followers_count":73,"lang":"zh-cn","star":0,"mbtype":0,"mbrank":0,"block_word":0},{"id":1706748155,"idstr":"1706748155","class":1,"screen_name":"BossLiu","name":"BossLiu","province":"11","city":"2","location":"北京 西城区","description":"","url":"","profile_image_url":"http://tp4.sinaimg.cn/1706748155/50/5630591232/1","profile_url":"u/1706748155","domain":"","weihao":"","gender":"m","followers_count":109,"friends_count":145,"statuses_count":151,"favourites_count":1,"created_at":"Sun Dec 05 22:28:50 +0800 2010","following":false,"allow_all_act_msg":false,"geo_enabled":true,"verified":false,"verified_type":220,"remark":"","status":{"created_at":"Mon Aug 12 07:10:26 +0800 2013","id":3610369488513647,"mid":"3610369488513647","idstr":"3610369488513647","text":"@EverythingTech 祝在大洋彼岸，一切顺利！Go! Go! Go！","source":"<a href=\"http://weibo.com/\" rel=\"nofollow\">新浪微博</a>","favorited":false,"truncated":false,"in_reply_to_status_id":"","in_reply_to_user_id":"","in_reply_to_screen_name":"","pic_urls":[],"geo":null,"reposts_count":0,"comments_count":0,"attitudes_count":0,"mlevel":0,"visible":{"type":0,"list_id":0}},"ptype":0,"allow_all_comment":true,"avatar_large":"http://tp4.sinaimg.cn/1706748155/180/5630591232/1","avatar_hd":"http://tp4.sinaimg.cn/1706748155/180/5630591232/1","verified_reason":"","follow_me":false,"online_status":0,"bi_followers_count":88,"lang":"zh-cn","star":0,"mbtype":0,"mbrank":0,"block_word":0},{"id":1978855681,"idstr":"1978855681","class":1,"screen_name":"北邮阿四","name":"北邮阿四","province":"11","city":"8","location":"北京 海淀区","description":"what's your dream","url":"","profile_image_url":"http://tp2.sinaimg.cn/1978855681/50/5670767215/1","profile_url":"u/1978855681","domain":"","weihao":"","gender":"m","followers_count":107,"friends_count":198,"statuses_count":325,"favourites_count":1,"created_at":"Sun Feb 20 00:17:57 +0800 2011","following":false,"allow_all_act_msg":false,"geo_enabled":false,"verified":false,"verified_type":-1,"remark":"","status":{"created_at":"Sun Aug 11 20:57:03 +0800 2013","id":3610215125630539,"mid":"3610215125630539","idstr":"3610215125630539","text":"看着李宗伟 心酸啊 Nike+ 显示我刚刚跑了 5.54 公里。 #nikeplus: http://t.cn/zQTjobl","source":"<a href=\"http://app.weibo.com/t/feed/1UukzX\" rel=\"nofollow\">Nikepluschina</a>","favorited":false,"truncated":false,"in_reply_to_status_id":"","in_reply_to_user_id":"","in_reply_to_screen_name":"","pic_urls":[],"geo":null,"reposts_count":0,"comments_count":0,"attitudes_count":0,"mlevel":0,"visible":{"type":0,"list_id":0}},"ptype":0,"allow_all_comment":false,"avatar_large":"http://tp2.sinaimg.cn/1978855681/180/5670767215/1","avatar_hd":"http://ww2.sinaimg.cn/crop.80.0.480.480.1024/75f2f101jw8e7dbfgot2gj20hs0dcq3p.jpg","verified_reason":"","follow_me":false,"online_status":0,"bi_followers_count":95,"lang":"zh-cn","star":0,"mbtype":0,"mbrank":0,"block_word":0},{"id":2358522641,"idstr":"2358522641","class":1,"screen_name":"SunShine爱麦兜爱喝水爱吃肉","name":"SunShine爱麦兜爱喝水爱吃肉","province":"11","city":"8","location":"北京 海淀区","description":"","url":"","profile_image_url":"http://tp2.sinaimg.cn/2358522641/50/22829706101/0","profile_url":"u/2358522641","domain":"","weihao":"","gender":"f","followers_count":50,"friends_count":47,"statuses_count":77,"favourites_count":0,"created_at":"Thu Sep 15 10:24:35 +0800 2011","following":false,"allow_all_act_msg":false,"geo_enabled":true,"verified":false,"verified_type":-1,"remark":"","status":{"created_at":"Sun Aug 04 21:22:18 +0800 2013","id":3607684765111878,"mid":"3607684765111878","idstr":"3607684765111878","text":"@蓝狐0106 //@猪小花要写论文:看着很不错的样子//@进击吧_bob: //@全美超模新秀大赛:【中文字幕#两集加长版首播#完整英文高清：http://t.cn/zQSXcyE ！！】","source":"<a href=\"http://app.weibo.com/t/feed/c66T5g\" rel=\"nofollow\">Android客户端</a>","favorited":false,"truncated":false,"in_reply_to_status_id":"","in_reply_to_user_id":"","in_reply_to_screen_name":"","pic_urls":[],"geo":null,"annotations":[{"client_mblogid":"88fdf7fd-ebe2-40c3-b7e3-57202737b847"}],"reposts_count":0,"comments_count":0,"attitudes_count":0,"mlevel":0,"visible":{"type":0,"list_id":0}},"ptype":0,"allow_all_comment":true,"avatar_large":"http://tp2.sinaimg.cn/2358522641/180/22829706101/0","avatar_hd":"http://tp2.sinaimg.cn/2358522641/180/22829706101/0","verified_reason":"","follow_me":false,"online_status":0,"bi_followers_count":38,"lang":"zh-cn","star":0,"mbtype":0,"mbrank":0,"block_word":0},{"id":1975888724,"idstr":"1975888724","class":1,"screen_name":"钟志伟V","name":"钟志伟V","province":"11","city":"8","location":"北京 海淀区","description":"","url":"","profile_image_url":"http://tp1.sinaimg.cn/1975888724/50/5634702445/1","profile_url":"u/1975888724","domain":"","weihao":"","gender":"m","followers_count":45,"friends_count":468,"statuses_count":274,"favourites_count":4,"created_at":"Sun Mar 06 00:07:58 +0800 2011","following":false,"allow_all_act_msg":false,"geo_enabled":true,"verified":false,"verified_type":-1,"remark":"","status":{"created_at":"Sat Aug 10 11:34:26 +0800 2013","id":3609711151116027,"mid":"3609711151116027","idstr":"3609711151116027","text":"以后还敢在学校食堂吃饭吗，尼玛！！！【望常驻十大】【更新老食堂假牛肉】死猪肉被端上北京邮电大学 （分享自 @北邮人论坛） http://t.cn/zQWV5E1 ","source":"<a href=\"http://app.weibo.com/t/feed/Dsf8A\" rel=\"nofollow\">北邮人论坛</a>","favorited":false,"truncated":false,"in_reply_to_status_id":"","in_reply_to_user_id":"","in_reply_to_screen_name":"","pic_urls":[],"geo":null,"reposts_count":0,"comments_count":0,"attitudes_count":0,"mlevel":0,"visible":{"type":0,"list_id":0}},"ptype":0,"allow_all_comment":true,"avatar_large":"http://tp1.sinaimg.cn/1975888724/180/5634702445/1","avatar_hd":"http://tp1.sinaimg.cn/1975888724/180/5634702445/1","verified_reason":"","follow_me":false,"online_status":0,"bi_followers_count":29,"lang":"zh-cn","star":0,"mbtype":0,"mbrank":0,"block_word":0},{"id":1513841611,"idstr":"1513841611","class":1,"screen_name":"Diana_Hu","name":"Diana_Hu","province":"23","city":"1","location":"黑龙江 哈尔滨","description":"","url":"http://blog.sina.com.cn/hudongjing2008","profile_image_url":"http://tp4.sinaimg.cn/1513841611/50/5640337573/0","profile_url":"dianahdj","domain":"dianahdj","weihao":"","gender":"f","followers_count":160,"friends_count":138,"statuses_count":1052,"favourites_count":21,"created_at":"Sat Feb 06 13:34:16 +0800 2010","following":false,"allow_all_act_msg":false,"geo_enabled":true,"verified":false,"verified_type":220,"remark":"","status":{"created_at":"Fri Aug 09 07:06:09 +0800 2013","id":3609281246614024,"mid":"3609281246614024","idstr":"3609281246614024","text":"omg！！我每天都去新食堂一楼呀。[泪] //@走着qiao: //@疏疏一树Faye:平时也就去个新食堂一楼[衰][衰][衰]@走着qiao @姚飞 @_HYCC @Diana_Hu @hhning_1021 @我爱困琨  //@爱转角撞上墙-: @胡小阳o砖头","source":"<a href=\"http://app.weibo.com/t/feed/3KeSKP\" rel=\"nofollow\">WeicoPro</a>","favorited":false,"truncated":false,"in_reply_to_status_id":"","in_reply_to_user_id":"","in_reply_to_screen_name":"","pic_urls":[],"geo":null,"reposts_count":0,"comments_count":0,"attitudes_count":0,"mlevel":0,"visible":{"type":0,"list_id":0}},"ptype":0,"allow_all_comment":false,"avatar_large":"http://tp4.sinaimg.cn/1513841611/180/5640337573/0","avatar_hd":"http://tp4.sinaimg.cn/1513841611/180/5640337573/0","verified_reason":"","follow_me":false,"online_status":0,"bi_followers_count":60,"lang":"zh-cn","star":0,"mbtype":0,"mbrank":0,"block_word":0},{"id":1196276952,"idstr":"1196276952","class":1,"screen_name":"Giant_made_in1988","name":"Giant_made_in1988","province":"11","city":"8","location":"北京 海淀区","description":"就像我出生的日子一样，我是个愚人！","url":"","profile_image_url":"http://tp1.sinaimg.cn/1196276952/50/5671003061/1","profile_url":"aajjnn","domain":"aajjnn","weihao":"","gender":"m","followers_count":86,"friends_count":155,"statuses_count":316,"favourites_count":0,"created_at":"Tue Nov 02 08:50:40 +0800 2010","following":false,"allow_all_act_msg":false,"geo_enabled":true,"verified":false,"verified_type":-1,"remark":"","status":{"created_at":"Mon Aug 12 12:07:42 +0800 2013","id":3610444297939009,"mid":"3610444297939009","idstr":"3610444297939009","text":"宇宙最佳雇主","source":"<a href=\"http://weibo.com/\" rel=\"nofollow\">新浪微博</a>","favorited":false,"truncated":false,"in_reply_to_status_id":"","in_reply_to_user_id":"","in_reply_to_screen_name":"","pic_urls":[],"geo":null,"reposts_count":0,"comments_count":0,"attitudes_count":0,"mlevel":0,"visible":{"type":0,"list_id":0}},"ptype":0,"allow_all_comment":true,"avatar_large":"http://tp1.sinaimg.cn/1196276952/180/5671003061/1","avatar_hd":"http://ww1.sinaimg.cn/crop.0.23.368.368.1024/474dbcd8jw1e7gh1e3m9bj20aa0ch3zn.jpg","verified_reason":"","follow_me":false,"online_status":0,"bi_followers_count":52,"lang":"zh-cn","star":0,"mbtype":0,"mbrank":0,"block_word":0},{"id":2167376687,"idstr":"2167376687","class":1,"screen_name":"梦在心中飞啊飞","name":"梦在心中飞啊飞","province":"11","city":"1","location":"北京 东城区","description":"","url":"","profile_image_url":"http://tp4.sinaimg.cn/2167376687/50/40021741951/0","profile_url":"u/2167376687","domain":"","weihao":"","gender":"f","followers_count":60,"friends_count":145,"statuses_count":32,"favourites_count":3,"created_at":"Mon Jul 04 00:01:32 +0800 2011","following":false,"allow_all_act_msg":false,"geo_enabled":true,"verified":false,"verified_type":-1,"remark":"","status":{"created_at":"Fri Aug 09 10:36:27 +0800 2013","id":3609334174906411,"mid":"3609334174906411","idstr":"3609334174906411","text":"[泪]还好不经常在一楼吃饭","source":"<a href=\"http://weibo.com/\" rel=\"nofollow\">新浪微博</a>","favorited":false,"truncated":false,"in_reply_to_status_id":"","in_reply_to_user_id":"","in_reply_to_screen_name":"","pic_urls":[],"geo":null,"reposts_count":0,"comments_count":0,"attitudes_count":0,"mlevel":0,"visible":{"type":0,"list_id":0}},"ptype":0,"allow_all_comment":true,"avatar_large":"http://tp4.sinaimg.cn/2167376687/180/40021741951/0","avatar_hd":"http://tp4.sinaimg.cn/2167376687/180/40021741951/0","verified_reason":"","follow_me":false,"online_status":0,"bi_followers_count":26,"lang":"zh-cn","star":0,"mbtype":0,"mbrank":0,"block_word":0},{"id":1930049657,"idstr":"1930049657","class":1,"screen_name":"不烦恼的维克","name":"不烦恼的维克","province":"11","city":"8","location":"北京 海淀区","description":"","url":"","profile_image_url":"http://tp2.sinaimg.cn/1930049657/50/5659063396/1","profile_url":"u/1930049657","domain":"","weihao":"","gender":"m","followers_count":32,"friends_count":25,"statuses_count":78,"favourites_count":2,"created_at":"Fri Jan 21 17:50:49 +0800 2011","following":false,"allow_all_act_msg":false,"geo_enabled":true,"verified":false,"verified_type":-1,"remark":"","status":{"created_at":"Sat Aug 03 17:23:45 +0800 2013","id":3607262343792789,"mid":"3607262343792789","idstr":"3607262343792789","text":"//@杨澜://@李冰冰:[鲜花]","source":"<a href=\"http://app.weibo.com/t/feed/9ksdit\" rel=\"nofollow\">iPhone客户端</a>","favorited":false,"truncated":false,"in_reply_to_status_id":"","in_reply_to_user_id":"","in_reply_to_screen_name":"","pic_urls":[],"geo":null,"reposts_count":0,"comments_count":0,"attitudes_count":0,"mlevel":0,"visible":{"type":0,"list_id":0}},"ptype":0,"allow_all_comment":true,"avatar_large":"http://tp2.sinaimg.cn/1930049657/180/5659063396/1","avatar_hd":"http://tp2.sinaimg.cn/1930049657/180/5659063396/1","verified_reason":"","follow_me":false,"online_status":0,"bi_followers_count":16,"lang":"zh-cn","star":0,"mbtype":0,"mbrank":0,"block_word":0},{"id":1826417923,"idstr":"1826417923","class":1,"screen_name":"bupt_点点","name":"bupt_点点","province":"11","city":"8","location":"北京 海淀区","description":"喜欢吃，喜欢玩，时而抽风，时而正经，基本靠谱","url":"http://blog.sina.com.cn/u/1826417923","profile_image_url":"http://tp4.sinaimg.cn/1826417923/50/5604588326/0","profile_url":"u/1826417923","domain":"","weihao":"","gender":"f","followers_count":385,"friends_count":388,"statuses_count":1723,"favourites_count":0,"created_at":"Wed Oct 06 00:12:40 +0800 2010","following":false,"allow_all_act_msg":false,"geo_enabled":true,"verified":false,"verified_type":220,"remark":"","status":{"created_at":"Sun Aug 11 22:04:42 +0800 2013","id":3610232153991011,"mid":"3610232153991011","idstr":"3610232153991011","text":"[嘻嘻]嘚瑟一下","source":"<a href=\"http://app.weibo.com/t/feed/c66T5g\" rel=\"nofollow\">Android客户端</a>","favorited":false,"truncated":false,"in_reply_to_status_id":"","in_reply_to_user_id":"","in_reply_to_screen_name":"","pic_urls":[],"geo":null,"annotations":[{"client_mblogid":"9e13f095-bb00-4354-be49-9b47bce444c7"}],"reposts_count":0,"comments_count":0,"attitudes_count":0,"mlevel":0,"visible":{"type":0,"list_id":0}},"ptype":0,"allow_all_comment":true,"avatar_large":"http://tp4.sinaimg.cn/1826417923/180/5604588326/0","avatar_hd":"http://tp4.sinaimg.cn/1826417923/180/5604588326/0","verified_reason":"","follow_me":false,"online_status":0,"bi_followers_count":207,"lang":"zh-cn","star":0,"mbtype":0,"mbrank":0,"block_word":0},{"id":2452711800,"idstr":"2452711800","class":1,"screen_name":"俊宇_要努力","name":"俊宇_要努力","province":"11","city":"8","location":"北京 海淀区","description":"不想很宅的宅着~","url":"","profile_image_url":"http://tp1.sinaimg.cn/2452711800/50/5612973683/1","profile_url":"u/2452711800","domain":"","weihao":"","gender":"m","followers_count":76,"friends_count":94,"statuses_count":121,"favourites_count":1,"created_at":"Sat Oct 08 00:36:57 +0800 2011","following":false,"allow_all_act_msg":false,"geo_enabled":true,"verified":false,"verified_type":-1,"remark":"","status":{"created_at":"Mon Aug 12 11:35:01 +0800 2013","id":3610436072693526,"mid":"3610436072693526","idstr":"3610436072693526","text":"转发微博","source":"<a href=\"http://weibo.com/\" rel=\"nofollow\">新浪微博</a>","favorited":false,"truncated":false,"in_reply_to_status_id":"","in_reply_to_user_id":"","in_reply_to_screen_name":"","pic_urls":[],"geo":null,"reposts_count":0,"comments_count":0,"attitudes_count":0,"mlevel":0,"visible":{"type":0,"list_id":0}},"ptype":0,"allow_all_comment":true,"avatar_large":"http://tp1.sinaimg.cn/2452711800/180/5612973683/1","avatar_hd":"http://tp1.sinaimg.cn/2452711800/180/5612973683/1","verified_reason":"","follow_me":false,"online_status":0,"bi_followers_count":51,"lang":"zh-cn","star":0,"mbtype":0,"mbrank":0,"block_word":0}],"total_number":11}

8906 DEBUG [2013-08-12 12:46:41]  Request:
8906 DEBUG [2013-08-12 12:46:41]  GET:https://api.weibo.com/2/friendships/friends_chain/followers.json
8906 DEBUG [2013-08-12 12:46:41]  Authorization: OAuth2 2.00b7DOGCaCOf1C655aed4142LZ3h1D
8906 DEBUG [2013-08-12 12:46:41]  API-RemoteIP: 10.104.14.182
9500 DEBUG [2013-08-12 12:46:41]  Response:
9500 DEBUG [2013-08-12 12:46:41]  https StatusCode:200
9500 DEBUG [2013-08-12 12:46:41]  Server:nginx/1.2.0
9500 DEBUG [2013-08-12 12:46:41]  Date:Mon, 12 Aug 2013 04:46:04 GMT
9500 DEBUG [2013-08-12 12:46:41]  Content-Type:application/json;charset=UTF-8
9500 DEBUG [2013-08-12 12:46:41]  Content-Length:29
9500 DEBUG [2013-08-12 12:46:41]  Connection:keep-alive
9500 DEBUG [2013-08-12 12:46:41]  Api-Server-IP:10.77.108.36
9500 DEBUG [2013-08-12 12:46:41]  Vary:Accept-Encoding
9500 DEBUG [2013-08-12 12:46:41]  X-Varnish:2106956725
9500 DEBUG [2013-08-12 12:46:41]  Age:0
9500 DEBUG [2013-08-12 12:46:41]  Via:1.1 varnish
9500 DEBUG [2013-08-12 12:46:41]  SINA-LB:cWgxMzIuaGEucWgyLmJqLmxvYWRiYWxhbmNlLnNpbg==
9500 DEBUG [2013-08-12 12:46:41]  {"users":[],"total_number":0}

9500 DEBUG [2013-08-12 12:46:41]  Request:
9500 DEBUG [2013-08-12 12:46:41]  GET:https://api.weibo.com/2/friendships/friends_chain/followers.json
9516 DEBUG [2013-08-12 12:46:41]  Authorization: OAuth2 2.00b7DOGCaCOf1C655aed4142LZ3h1D
9516 DEBUG [2013-08-12 12:46:41]  API-RemoteIP: 10.104.14.182
9984 DEBUG [2013-08-12 12:46:42]  Response:
9984 DEBUG [2013-08-12 12:46:42]  https StatusCode:200
9984 DEBUG [2013-08-12 12:46:42]  Server:nginx/1.2.0
9984 DEBUG [2013-08-12 12:46:42]  Date:Mon, 12 Aug 2013 04:46:05 GMT
9984 DEBUG [2013-08-12 12:46:42]  Content-Type:application/json;charset=UTF-8
9984 DEBUG [2013-08-12 12:46:42]  Content-Length:5160
9984 DEBUG [2013-08-12 12:46:42]  Connection:keep-alive
9984 DEBUG [2013-08-12 12:46:42]  Api-Server-IP:10.77.108.53
9984 DEBUG [2013-08-12 12:46:42]  Vary:Accept-Encoding
9984 DEBUG [2013-08-12 12:46:42]  X-Varnish:1733331951
9984 DEBUG [2013-08-12 12:46:42]  Age:0
9984 DEBUG [2013-08-12 12:46:42]  Via:1.1 varnish
9984 DEBUG [2013-08-12 12:46:42]  SINA-LB:cWgxMzIuaGEucWgyLmJqLmxvYWRiYWxhbmNlLnNpbg==
9984 DEBUG [2013-08-12 12:46:42]  {"users":[{"id":1788374883,"idstr":"1788374883","class":1,"screen_name":"阿潘变身超级猫","name":"阿潘变身超级猫","province":"400","city":"1","location":"海外 美国","description":"","url":"","profile_image_url":"http://tp4.sinaimg.cn/1788374883/50/40016121206/1","profile_url":"u/1788374883","domain":"","weihao":"","gender":"m","followers_count":92,"friends_count":201,"statuses_count":294,"favourites_count":21,"created_at":"Thu Oct 07 00:40:16 +0800 2010","following":false,"allow_all_act_msg":false,"geo_enabled":true,"verified":false,"verified_type":-1,"remark":"","status":{"created_at":"Wed Aug 07 03:33:31 +0800 2013","id":3608502960553915,"mid":"3608502960553915","idstr":"3608502960553915","text":" //@小矛: 配合这个使用效果更佳：http://t.cn/zTkidba //@妖妖小精: 搜了下苍井空三个字……我靠真的！！！//@江南大野花: 为了右右的话[呵呵] //@基凶肉:[呵呵]为了右边我终于转这个了[呵呵]//@萝卜变米酱痴汉欲罢不能:随手一滑输了个GV进去，然后我就内心激动的回来点赞了","source":"<a href=\"http://app.weibo.com/t/feed/1KbPpV\" rel=\"nofollow\">WeicoHD.iPad</a>","favorited":false,"truncated":false,"in_reply_to_status_id":"","in_reply_to_user_id":"","in_reply_to_screen_name":"","pic_urls":[],"geo":null,"reposts_count":0,"comments_count":0,"attitudes_count":0,"mlevel":0,"visible":{"type":0,"list_id":0}},"ptype":0,"allow_all_comment":true,"avatar_large":"http://tp4.sinaimg.cn/1788374883/180/40016121206/1","avatar_hd":"http://tp4.sinaimg.cn/1788374883/180/40016121206/1","verified_reason":"","follow_me":false,"online_status":0,"bi_followers_count":66,"lang":"zh-cn","star":0,"mbtype":0,"mbrank":0,"block_word":0},{"id":2671855900,"idstr":"2671855900","class":1,"screen_name":"Bulkelicious","name":"Bulkelicious","province":"400","city":"11","location":"海外 新加坡","description":"肥猪一头, 天天犯愁.","url":"","profile_image_url":"http://tp1.sinaimg.cn/2671855900/50/5670261959/1","profile_url":"u/2671855900","domain":"","weihao":"","gender":"m","followers_count":55,"friends_count":139,"statuses_count":554,"favourites_count":1,"created_at":"Thu Jan 19 19:31:15 +0800 2012","following":false,"allow_all_act_msg":true,"geo_enabled":true,"verified":false,"verified_type":-1,"remark":"","status":{"created_at":"Thu Aug 08 23:34:37 +0800 2013","id":3609167623059659,"mid":"3609167623059659","idstr":"3609167623059659","text":"想去瞧瞧//@华新Huasing: 可以一看！","source":"<a href=\"http://weibo.com/\" rel=\"nofollow\">新浪微博</a>","favorited":false,"truncated":false,"in_reply_to_status_id":"","in_reply_to_user_id":"","in_reply_to_screen_name":"","pic_urls":[],"geo":null,"reposts_count":0,"comments_count":0,"attitudes_count":0,"mlevel":0,"visible":{"type":0,"list_id":0}},"ptype":0,"allow_all_comment":true,"avatar_large":"http://tp1.sinaimg.cn/2671855900/180/5670261959/1","avatar_hd":"http://ww3.sinaimg.cn/crop.0.0.640.640.1024/9f41491cjw8e76k1jzbeij20hs0hs0tp.jpg","verified_reason":"","follow_me":false,"online_status":0,"bi_followers_count":47,"lang":"zh-cn","star":0,"mbtype":0,"mbrank":0,"block_word":0},{"id":2012312510,"idstr":"2012312510","class":1,"screen_name":"_谭_珊_","name":"_谭_珊_","province":"21","city":"2","location":"辽宁 大连","description":"private zone","url":"","profile_image_url":"http://tp3.sinaimg.cn/2012312510/50/5641132318/0","profile_url":"u/2012312510","domain":"","weihao":"","gender":"f","followers_count":59,"friends_count":310,"statuses_count":159,"favourites_count":354,"created_at":"Wed Mar 16 21:37:30 +0800 2011","following":false,"allow_all_act_msg":false,"geo_enabled":true,"verified":false,"verified_type":-1,"remark":"","status":{"created_at":"Wed Jul 31 06:34:54 +0800 2013","id":3606011891953960,"mid":"3606011891953960","idstr":"3606011891953960","text":"几个月的屯粮，换一次旅行的时光，想省？我帮你一起！艺龙客户端，20万家酒店底价预订返现更多，下载分享还可以抽取4999元旅行基金。钱袋鼓起日，远方走起时！发短信51到951319或在APP市场下载客户端 http://t.cn/zHRnrob","source":"<a href=\"http://app.weibo.com/t/feed/4PosYW\" rel=\"nofollow\">艺龙旅行APP</a>","favorited":false,"truncated":false,"in_reply_to_status_id":"","in_reply_to_user_id":"","in_reply_to_screen_name":"","pic_urls":[{"thumbnail_pic":"http://ww3.sinaimg.cn/thumbnail/77f173bejw1e75luu2j67j20db0gowgc.jpg"}],"thumbnail_pic":"http://ww3.sinaimg.cn/thumbnail/77f173bejw1e75luu2j67j20db0gowgc.jpg","bmiddle_pic":"http://ww3.sinaimg.cn/bmiddle/77f173bejw1e75luu2j67j20db0gowgc.jpg","original_pic":"http://ww3.sinaimg.cn/large/77f173bejw1e75luu2j67j20db0gowgc.jpg","geo":null,"reposts_count":0,"comments_count":0,"attitudes_count":0,"mlevel":0,"visible":{"type":0,"list_id":0}},"ptype":0,"allow_all_comment":true,"avatar_large":"http://tp3.sinaimg.cn/2012312510/180/5641132318/0","avatar_hd":"http://tp3.sinaimg.cn/2012312510/180/5641132318/0","verified_reason":"","follow_me":false,"online_status":0,"bi_followers_count":28,"lang":"zh-cn","star":0,"mbtype":0,"mbrank":0,"block_word":0}],"total_number":3}

10000 DEBUG [2013-08-12 12:46:42]  Request:
10000 DEBUG [2013-08-12 12:46:42]  GET:https://api.weibo.com/2/friendships/friends_chain/followers.json
10000 DEBUG [2013-08-12 12:46:42]  Authorization: OAuth2 2.00b7DOGCaCOf1C655aed4142LZ3h1D
10000 DEBUG [2013-08-12 12:46:42]  API-RemoteIP: 10.104.14.182
10500 DEBUG [2013-08-12 12:46:42]  Response:
10500 DEBUG [2013-08-12 12:46:42]  https StatusCode:200
10500 DEBUG [2013-08-12 12:46:42]  Server:nginx/1.2.0
10500 DEBUG [2013-08-12 12:46:42]  Date:Mon, 12 Aug 2013 04:46:05 GMT
10500 DEBUG [2013-08-12 12:46:42]  Content-Type:application/json;charset=UTF-8
10500 DEBUG [2013-08-12 12:46:42]  Content-Length:29
10500 DEBUG [2013-08-12 12:46:42]  Connection:keep-alive
10500 DEBUG [2013-08-12 12:46:42]  Api-Server-IP:10.77.108.47
10500 DEBUG [2013-08-12 12:46:42]  Vary:Accept-Encoding
10500 DEBUG [2013-08-12 12:46:42]  X-Varnish:1426800109
10500 DEBUG [2013-08-12 12:46:42]  Age:0
10500 DEBUG [2013-08-12 12:46:42]  Via:1.1 varnish
10500 DEBUG [2013-08-12 12:46:42]  SINA-LB:cWgxMzIuaGEucWgyLmJqLmxvYWRiYWxhbmNlLnNpbg==
10500 DEBUG [2013-08-12 12:46:42]  {"users":[],"total_number":0}

10500 DEBUG [2013-08-12 12:46:42]  Request:
10500 DEBUG [2013-08-12 12:46:42]  GET:https://api.weibo.com/2/friendships/friends_chain/followers.json
10516 DEBUG [2013-08-12 12:46:42]  Authorization: OAuth2 2.00b7DOGCaCOf1C655aed4142LZ3h1D
10516 DEBUG [2013-08-12 12:46:42]  API-RemoteIP: 10.104.14.182
10563 DEBUG [2013-08-12 12:46:42]  Response:
10563 DEBUG [2013-08-12 12:46:42]  https StatusCode:200
10563 DEBUG [2013-08-12 12:46:42]  Server:nginx/1.2.0
10563 DEBUG [2013-08-12 12:46:42]  Date:Mon, 12 Aug 2013 04:46:05 GMT
10563 DEBUG [2013-08-12 12:46:42]  Content-Type:application/json;charset=UTF-8
10563 DEBUG [2013-08-12 12:46:42]  Content-Length:29
10563 DEBUG [2013-08-12 12:46:42]  Connection:keep-alive
10563 DEBUG [2013-08-12 12:46:42]  Api-Server-IP:10.77.108.50
10563 DEBUG [2013-08-12 12:46:42]  Vary:Accept-Encoding
10563 DEBUG [2013-08-12 12:46:42]  X-Varnish:2106959210
10563 DEBUG [2013-08-12 12:46:42]  Age:0
10563 DEBUG [2013-08-12 12:46:42]  Via:1.1 varnish
10563 DEBUG [2013-08-12 12:46:42]  SINA-LB:cWgxMzIuaGEucWgyLmJqLmxvYWRiYWxhbmNlLnNpbg==
10563 DEBUG [2013-08-12 12:46:42]  {"users":[],"total_number":0}

10563 DEBUG [2013-08-12 12:46:42]  Request:
10563 DEBUG [2013-08-12 12:46:42]  GET:https://api.weibo.com/2/friendships/friends_chain/followers.json
10563 DEBUG [2013-08-12 12:46:42]  Authorization: OAuth2 2.00b7DOGCaCOf1C655aed4142LZ3h1D
10563 DEBUG [2013-08-12 12:46:42]  API-RemoteIP: 10.104.14.182
10609 DEBUG [2013-08-12 12:46:42]  Response:
10609 DEBUG [2013-08-12 12:46:42]  https StatusCode:200
10609 DEBUG [2013-08-12 12:46:42]  Server:nginx/1.2.0
10609 DEBUG [2013-08-12 12:46:42]  Date:Mon, 12 Aug 2013 04:46:05 GMT
10609 DEBUG [2013-08-12 12:46:42]  Content-Type:application/json;charset=UTF-8
10609 DEBUG [2013-08-12 12:46:42]  Content-Length:29
10609 DEBUG [2013-08-12 12:46:42]  Connection:keep-alive
10609 DEBUG [2013-08-12 12:46:42]  Api-Server-IP:10.77.108.54
10609 DEBUG [2013-08-12 12:46:42]  Vary:Accept-Encoding
10609 DEBUG [2013-08-12 12:46:42]  X-Varnish:1733333254
10609 DEBUG [2013-08-12 12:46:42]  Age:0
10609 DEBUG [2013-08-12 12:46:42]  Via:1.1 varnish
10609 DEBUG [2013-08-12 12:46:42]  SINA-LB:cWgxMzIuaGEucWgyLmJqLmxvYWRiYWxhbmNlLnNpbg==
10609 DEBUG [2013-08-12 12:46:42]  {"users":[],"total_number":0}

10609 DEBUG [2013-08-12 12:46:42]  Request:
10609 DEBUG [2013-08-12 12:46:42]  GET:https://api.weibo.com/2/friendships/friends_chain/followers.json
10625 DEBUG [2013-08-12 12:46:42]  Authorization: OAuth2 2.00b7DOGCaCOf1C655aed4142LZ3h1D
10625 DEBUG [2013-08-12 12:46:42]  API-RemoteIP: 10.104.14.182
11109 DEBUG [2013-08-12 12:46:43]  Response:
11109 DEBUG [2013-08-12 12:46:43]  https StatusCode:200
11109 DEBUG [2013-08-12 12:46:43]  Server:nginx/1.2.0
11109 DEBUG [2013-08-12 12:46:43]  Date:Mon, 12 Aug 2013 04:46:06 GMT
11109 DEBUG [2013-08-12 12:46:43]  Content-Type:application/json;charset=UTF-8
11109 DEBUG [2013-08-12 12:46:43]  Content-Length:10988
11109 DEBUG [2013-08-12 12:46:43]  Connection:keep-alive
11109 DEBUG [2013-08-12 12:46:43]  Api-Server-IP:10.77.108.52
11109 DEBUG [2013-08-12 12:46:43]  Vary:Accept-Encoding
11109 DEBUG [2013-08-12 12:46:43]  X-Varnish:2116756041
11109 DEBUG [2013-08-12 12:46:43]  Age:0
11109 DEBUG [2013-08-12 12:46:43]  Via:1.1 varnish
11109 DEBUG [2013-08-12 12:46:43]  SINA-LB:cWgxMzIuaGEucWgyLmJqLmxvYWRiYWxhbmNlLnNpbg==
11109 DEBUG [2013-08-12 12:46:43]  {"users":[{"id":1042579640,"idstr":"1042579640","class":1,"screen_name":"无敌大脸娃","name":"无敌大脸娃","province":"21","city":"2","location":"辽宁 大连","description":"","url":"","profile_image_url":"http://tp1.sinaimg.cn/1042579640/50/5649741858/1","profile_url":"u/1042579640","domain":"","weihao":"","gender":"m","followers_count":44,"friends_count":61,"statuses_count":6,"favourites_count":0,"created_at":"Tue Dec 04 10:16:00 +0800 2012","following":false,"allow_all_act_msg":false,"geo_enabled":true,"verified":false,"verified_type":-1,"remark":"","status":{"created_at":"Thu Jun 20 14:12:35 +0800 2013","id":3591269168847627,"mid":"3591269168847627","idstr":"3591269168847627","text":"突然发现自己现在沧桑了","source":"<a href=\"http://weibo.com/\" rel=\"nofollow\">新浪微博</a>","favorited":false,"truncated":false,"in_reply_to_status_id":"","in_reply_to_user_id":"","in_reply_to_screen_name":"","pic_urls":[],"geo":null,"reposts_count":0,"comments_count":0,"attitudes_count":0,"mlevel":0,"visible":{"type":0,"list_id":0}},"ptype":0,"allow_all_comment":true,"avatar_large":"http://tp1.sinaimg.cn/1042579640/180/5649741858/1","avatar_hd":"http://tp1.sinaimg.cn/1042579640/180/5649741858/1","verified_reason":"","follow_me":false,"online_status":0,"bi_followers_count":18,"lang":"zh-cn","star":0,"mbtype":0,"mbrank":0,"block_word":0},{"id":1788374883,"idstr":"1788374883","class":1,"screen_name":"阿潘变身超级猫","name":"阿潘变身超级猫","province":"400","city":"1","location":"海外 美国","description":"","url":"","profile_image_url":"http://tp4.sinaimg.cn/1788374883/50/40016121206/1","profile_url":"u/1788374883","domain":"","weihao":"","gender":"m","followers_count":92,"friends_count":201,"statuses_count":294,"favourites_count":21,"created_at":"Thu Oct 07 00:40:16 +0800 2010","following":false,"allow_all_act_msg":false,"geo_enabled":true,"verified":false,"verified_type":-1,"remark":"","status":{"created_at":"Wed Aug 07 03:33:31 +0800 2013","id":3608502960553915,"mid":"3608502960553915","idstr":"3608502960553915","text":" //@小矛: 配合这个使用效果更佳：http://t.cn/zTkidba //@妖妖小精: 搜了下苍井空三个字……我靠真的！！！//@江南大野花: 为了右右的话[呵呵] //@基凶肉:[呵呵]为了右边我终于转这个了[呵呵]//@萝卜变米酱痴汉欲罢不能:随手一滑输了个GV进去，然后我就内心激动的回来点赞了","source":"<a href=\"http://app.weibo.com/t/feed/1KbPpV\" rel=\"nofollow\">WeicoHD.iPad</a>","favorited":false,"truncated":false,"in_reply_to_status_id":"","in_reply_to_user_id":"","in_reply_to_screen_name":"","pic_urls":[],"geo":null,"reposts_count":0,"comments_count":0,"attitudes_count":0,"mlevel":0,"visible":{"type":0,"list_id":0}},"ptype":0,"allow_all_comment":true,"avatar_large":"http://tp4.sinaimg.cn/1788374883/180/40016121206/1","avatar_hd":"http://tp4.sinaimg.cn/1788374883/180/40016121206/1","verified_reason":"","follow_me":false,"online_status":0,"bi_followers_count":66,"lang":"zh-cn","star":0,"mbtype":0,"mbrank":0,"block_word":0},{"id":2671855900,"idstr":"2671855900","class":1,"screen_name":"Bulkelicious","name":"Bulkelicious","province":"400","city":"11","location":"海外 新加坡","description":"肥猪一头, 天天犯愁.","url":"","profile_image_url":"http://tp1.sinaimg.cn/2671855900/50/5670261959/1","profile_url":"u/2671855900","domain":"","weihao":"","gender":"m","followers_count":55,"friends_count":139,"statuses_count":554,"favourites_count":1,"created_at":"Thu Jan 19 19:31:15 +0800 2012","following":false,"allow_all_act_msg":true,"geo_enabled":true,"verified":false,"verified_type":-1,"remark":"","status":{"created_at":"Thu Aug 08 23:34:37 +0800 2013","id":3609167623059659,"mid":"3609167623059659","idstr":"3609167623059659","text":"想去瞧瞧//@华新Huasing: 可以一看！","source":"<a href=\"http://weibo.com/\" rel=\"nofollow\">新浪微博</a>","favorited":false,"truncated":false,"in_reply_to_status_id":"","in_reply_to_user_id":"","in_reply_to_screen_name":"","pic_urls":[],"geo":null,"reposts_count":0,"comments_count":0,"attitudes_count":0,"mlevel":0,"visible":{"type":0,"list_id":0}},"ptype":0,"allow_all_comment":true,"avatar_large":"http://tp1.sinaimg.cn/2671855900/180/5670261959/1","avatar_hd":"http://ww3.sinaimg.cn/crop.0.0.640.640.1024/9f41491cjw8e76k1jzbeij20hs0hs0tp.jpg","verified_reason":"","follow_me":false,"online_status":0,"bi_followers_count":47,"lang":"zh-cn","star":0,"mbtype":0,"mbrank":0,"block_word":0},{"id":1784264150,"idstr":"1784264150","class":1,"screen_name":"大屁股妹","name":"大屁股妹","province":"21","city":"2","location":"辽宁 大连","description":"","url":"","profile_image_url":"http://tp3.sinaimg.cn/1784264150/50/1300282437/0","profile_url":"u/1784264150","domain":"","weihao":"","gender":"f","followers_count":74,"friends_count":29,"statuses_count":26,"favourites_count":0,"created_at":"Mon Aug 02 10:22:35 +0800 2010","following":false,"allow_all_act_msg":false,"geo_enabled":true,"verified":false,"verified_type":-1,"remark":"","status":{"created_at":"Thu Aug 08 00:41:07 +0800 2013","id":3608821962681819,"mid":"3608821962681819","idstr":"3608821962681819","text":"习惯去接受 是好的对吧","source":"<a href=\"http://app.weibo.com/t/feed/9ksdit\" rel=\"nofollow\">iPhone客户端</a>","favorited":false,"truncated":false,"in_reply_to_status_id":"","in_reply_to_user_id":"","in_reply_to_screen_name":"","pic_urls":[],"geo":null,"annotations":[{"client_mblogid":"iPhone-207A8AAA-8B8C-4041-A732-A729FE58C3AB"}],"reposts_count":0,"comments_count":0,"attitudes_count":0,"mlevel":0,"visible":{"type":0,"list_id":0}},"ptype":0,"allow_all_comment":true,"avatar_large":"http://tp3.sinaimg.cn/1784264150/180/1300282437/0","avatar_hd":"http://tp3.sinaimg.cn/1784264150/180/1300282437/0","verified_reason":"","follow_me":false,"online_status":0,"bi_followers_count":10,"lang":"zh-cn","star":0,"mbtype":0,"mbrank":0,"block_word":0},{"id":2012312510,"idstr":"2012312510","class":1,"screen_name":"_谭_珊_","name":"_谭_珊_","province":"21","city":"2","location":"辽宁 大连","description":"private zone","url":"","profile_image_url":"http://tp3.sinaimg.cn/2012312510/50/5641132318/0","profile_url":"u/2012312510","domain":"","weihao":"","gender":"f","followers_count":59,"friends_count":310,"statuses_count":159,"favourites_count":354,"created_at":"Wed Mar 16 21:37:30 +0800 2011","following":false,"allow_all_act_msg":false,"geo_enabled":true,"verified":false,"verified_type":-1,"remark":"","status":{"created_at":"Wed Jul 31 06:34:54 +0800 2013","id":3606011891953960,"mid":"3606011891953960","idstr":"3606011891953960","text":"几个月的屯粮，换一次旅行的时光，想省？我帮你一起！艺龙客户端，20万家酒店底价预订返现更多，下载分享还可以抽取4999元旅行基金。钱袋鼓起日，远方走起时！发短信51到951319或在APP市场下载客户端 http://t.cn/zHRnrob","source":"<a href=\"http://app.weibo.com/t/feed/4PosYW\" rel=\"nofollow\">艺龙旅行APP</a>","favorited":false,"truncated":false,"in_reply_to_status_id":"","in_reply_to_user_id":"","in_reply_to_screen_name":"","pic_urls":[{"thumbnail_pic":"http://ww3.sinaimg.cn/thumbnail/77f173bejw1e75luu2j67j20db0gowgc.jpg"}],"thumbnail_pic":"http://ww3.sinaimg.cn/thumbnail/77f173bejw1e75luu2j67j20db0gowgc.jpg","bmiddle_pic":"http://ww3.sinaimg.cn/bmiddle/77f173bejw1e75luu2j67j20db0gowgc.jpg","original_pic":"http://ww3.sinaimg.cn/large/77f173bejw1e75luu2j67j20db0gowgc.jpg","geo":null,"reposts_count":0,"comments_count":0,"attitudes_count":0,"mlevel":0,"visible":{"type":0,"list_id":0}},"ptype":0,"allow_all_comment":true,"avatar_large":"http://tp3.sinaimg.cn/2012312510/180/5641132318/0","avatar_hd":"http://tp3.sinaimg.cn/2012312510/180/5641132318/0","verified_reason":"","follow_me":false,"online_status":0,"bi_followers_count":28,"lang":"zh-cn","star":0,"mbtype":0,"mbrank":0,"block_word":0},{"id":1659928603,"idstr":"1659928603","class":1,"screen_name":"-谭-清华","name":"-谭-清华","province":"21","city":"2","location":"辽宁 大连","description":"一只简单快乐疯魔的小兔子","url":"","profile_image_url":"http://tp4.sinaimg.cn/1659928603/50/1299140207/0","profile_url":"u/1659928603","domain":"","weihao":"","gender":"f","followers_count":51,"friends_count":101,"statuses_count":569,"favourites_count":64,"created_at":"Tue Nov 10 20:12:24 +0800 2009","following":false,"allow_all_act_msg":false,"geo_enabled":true,"verified":false,"verified_type":-1,"remark":"","status":{"created_at":"Mon Jul 08 08:49:10 +0800 2013","id":3597710760337472,"mid":"3597710760337472","idstr":"3597710760337472","text":" @好男人是小布 ，共勉","source":"<a href=\"http://app.weibo.com/t/feed/c66T5g\" rel=\"nofollow\">Android客户端</a>","favorited":false,"truncated":false,"in_reply_to_status_id":"","in_reply_to_user_id":"","in_reply_to_screen_name":"","pic_urls":[],"geo":null,"reposts_count":0,"comments_count":0,"attitudes_count":0,"mlevel":0,"visible":{"type":0,"list_id":0}},"ptype":0,"allow_all_comment":true,"avatar_large":"http://tp4.sinaimg.cn/1659928603/180/1299140207/0","avatar_hd":"http://tp4.sinaimg.cn/1659928603/180/1299140207/0","verified_reason":"","follow_me":false,"online_status":0,"bi_followers_count":30,"lang":"zh-cn","star":0,"mbtype":0,"mbrank":0,"block_word":0},{"id":1663198841,"idstr":"1663198841","class":1,"screen_name":"子夜飞扬","name":"子夜飞扬","province":"21","city":"2","location":"辽宁 大连","description":"","url":"","profile_image_url":"http://tp2.sinaimg.cn/1663198841/50/1299138747/0","profile_url":"u/1663198841","domain":"","weihao":"","gender":"f","followers_count":108,"friends_count":222,"statuses_count":753,"favourites_count":123,"created_at":"Mon Nov 23 21:00:35 +0800 2009","following":false,"allow_all_act_msg":false,"geo_enabled":true,"verified":false,"verified_type":-1,"remark":"","status":{"created_at":"Mon Aug 12 00:19:20 +0800 2013","id":3610266031797551,"mid":"3610266031797551","idstr":"3610266031797551","text":"为了整理手机图标配合壁纸花一个小时是不是强迫症？路过有中枪走火的敢不敢留个记号？还是我真是一个人[思考] 我在:http://t.cn/zQT1B3O","source":"<a href=\"http://app.weibo.com/t/feed/6SFgyO\" rel=\"nofollow\">华为Ascend手机</a>","favorited":false,"truncated":false,"in_reply_to_status_id":"","in_reply_to_user_id":"","in_reply_to_screen_name":"","pic_urls":[],"geo":null,"annotations":[{"client_mblogid":"67491194-277c-43a9-8146-a11faaee2be5"}],"reposts_count":0,"comments_count":0,"attitudes_count":0,"mlevel":0,"visible":{"type":0,"list_id":0}},"ptype":0,"allow_all_comment":false,"avatar_large":"http://tp2.sinaimg.cn/1663198841/180/1299138747/0","avatar_hd":"http://tp2.sinaimg.cn/1663198841/180/1299138747/0","verified_reason":"","follow_me":false,"online_status":0,"bi_followers_count":47,"lang":"zh-cn","star":0,"mbtype":0,"mbrank":0,"block_word":0}],"total_number":7}

